2026-06-28 23:30:42.242 | INFO     | app.core.logging:setup_logging:46 | Logging initialized | env=hf | level=INFO
2026-06-28 23:30:42.243 | INFO     | app.main:lifespan:39 | Starting SyncVerse API
2026-06-28 23:30:42.244 | WARNING  | app.main:lifespan:46 | HF mode detected → skipping DB init
2026-06-28 23:30:42.249 | WARNING  | app.ml.predict:load_models:58 | Attrition model not found at ./ml_models/attrition_model.joblib. Run training pipeline first: python -m app.ml.train
2026-06-28 23:30:42.250 | INFO     | app.main:lifespan:50 | ML models loaded
2026-06-28 23:31:43.157 | INFO     | app.core.logging:setup_logging:46 | Logging initialized | env=hf | level=INFO
2026-06-28 23:31:43.157 | INFO     | app.main:lifespan:39 | Starting SyncVerse API
2026-06-28 23:31:43.157 | WARNING  | app.main:lifespan:46 | HF mode detected → skipping DB init
2026-06-28 23:31:43.163 | WARNING  | app.ml.predict:load_models:58 | Attrition model not found at ./ml_models/attrition_model.joblib. Run training pipeline first: python -m app.ml.train
2026-06-28 23:31:43.163 | INFO     | app.main:lifespan:50 | ML models loaded
2026-06-28 23:31:43.167 | INFO     | app.main:lifespan:65 | Shutdown complete
2026-06-29 01:19:55.051 | INFO     | app.core.logging:setup_logging:46 | Logging initialized | env=hf | level=INFO
2026-06-29 01:19:55.053 | INFO     | app.main:lifespan:39 | Starting SyncVerse API
2026-06-29 01:19:55.055 | WARNING  | app.main:lifespan:46 | HF mode detected → skipping DB init
2026-06-29 01:19:55.266 | INFO     | app.ml.predict:load_models:76 | ML models loaded successfully.
2026-06-29 01:19:55.268 | INFO     | app.main:lifespan:50 | ML models loaded
2026-06-29 01:19:55.279 | INFO     | app.main:lifespan:65 | Shutdown complete
2026-06-29 01:26:33.192 | INFO     | app.core.logging:setup_logging:46 | Logging initialized | env=hf | level=INFO
2026-06-29 01:26:33.193 | INFO     | app.main:lifespan:39 | Starting SyncVerse API
2026-06-29 01:26:33.194 | WARNING  | app.main:lifespan:46 | HF mode detected → skipping DB init
2026-06-29 01:26:33.329 | INFO     | app.ml.predict:load_models:76 | ML models loaded successfully.
2026-06-29 01:26:33.330 | INFO     | app.main:lifespan:50 | ML models loaded
2026-06-29 01:26:33.335 | INFO     | app.main:lifespan:65 | Shutdown complete
2026-06-29 01:50:42.313 | INFO     | app.core.logging:setup_logging:46 | Logging initialized | env=hf | level=INFO
2026-06-29 01:50:42.314 | INFO     | app.main:lifespan:39 | Starting SyncVerse API
2026-06-29 01:50:42.315 | WARNING  | app.main:lifespan:46 | HF mode detected → skipping DB init
2026-06-29 01:50:42.523 | INFO     | app.ml.predict:load_models:76 | ML models loaded successfully.
2026-06-29 01:50:42.525 | INFO     | app.main:lifespan:50 | ML models loaded
2026-06-29 02:08:54.238 | INFO     | app.core.logging:setup_logging:46 | Logging initialized | env=hf | level=INFO
2026-06-29 02:08:54.239 | INFO     | app.main:lifespan:39 | Starting SyncVerse API
2026-06-29 02:08:54.240 | WARNING  | app.main:lifespan:46 | HF mode detected → skipping DB init
2026-06-29 02:08:54.454 | INFO     | app.ml.predict:load_models:76 | ML models loaded successfully.
2026-06-29 02:08:54.454 | INFO     | app.main:lifespan:50 | ML models loaded
2026-06-29 02:08:54.462 | INFO     | app.main:lifespan:65 | Shutdown complete
2026-06-29 02:15:10.853 | INFO     | app.core.logging:setup_logging:46 | Logging initialized | env=hf | level=INFO
2026-06-29 02:15:10.854 | INFO     | app.main:lifespan:39 | Starting SyncVerse API
2026-06-29 02:15:10.854 | WARNING  | app.main:lifespan:46 | HF mode detected → skipping DB init
2026-06-29 02:15:10.941 | INFO     | app.ml.predict:load_models:76 | ML models loaded successfully.
2026-06-29 02:15:10.942 | INFO     | app.main:lifespan:50 | ML models loaded
2026-06-29 02:15:10.945 | INFO     | app.main:lifespan:65 | Shutdown complete
